D:\VS2012\INTERVIEW\CODING\CODING\DEBUG\1.OBJ
D:\VS2012\INTERVIEW\CODING\CODING\DEBUG\10.OBJ
D:\VS2012\INTERVIEW\CODING\CODING\DEBUG\11.OBJ
D:\VS2012\INTERVIEW\CODING\CODING\DEBUG\12.OBJ
D:\VS2012\INTERVIEW\CODING\CODING\DEBUG\13.OBJ
D:\VS2012\INTERVIEW\CODING\CODING\DEBUG\14.OBJ
D:\VS2012\INTERVIEW\CODING\CODING\DEBUG\15.OBJ
D:\VS2012\INTERVIEW\CODING\CODING\DEBUG\2.OBJ
D:\VS2012\INTERVIEW\CODING\CODING\DEBUG\3.OBJ
D:\VS2012\INTERVIEW\CODING\CODING\DEBUG\4.OBJ
D:\VS2012\INTERVIEW\CODING\CODING\DEBUG\5.OBJ
D:\VS2012\INTERVIEW\CODING\CODING\DEBUG\6.OBJ
D:\VS2012\INTERVIEW\CODING\CODING\DEBUG\7.OBJ
D:\VS2012\INTERVIEW\CODING\CODING\DEBUG\8.OBJ
D:\VS2012\INTERVIEW\CODING\CODING\DEBUG\9.OBJ
D:\VS2012\INTERVIEW\CODING\CODING\DEBUG\VC110.PDB
D:\VS2012\INTERVIEW\CODING\CODING\DEBUG\16.OBJ
D:\VS2012\INTERVIEW\CODING\CODING\DEBUG\17.OBJ
D:\VS2012\INTERVIEW\CODING\CODING\DEBUG\18.OBJ
D:\VS2012\INTERVIEW\CODING\CODING\DEBUG\19.OBJ
D:\VS2012\INTERVIEW\CODING\CODING\DEBUG\20.OBJ
D:\VS2012\INTERVIEW\CODING\CODING\DEBUG\21.OBJ
D:\VS2012\INTERVIEW\CODING\CODING\DEBUG\22.OBJ
D:\VS2012\INTERVIEW\CODING\CODING\DEBUG\23.OBJ
D:\VS2012\INTERVIEW\CODING\CODING\DEBUG\24.OBJ
D:\VS2012\INTERVIEW\CODING\CODING\DEBUG\25.OBJ
D:\VS2012\INTERVIEW\CODING\CODING\DEBUG\26.OBJ
D:\VS2012\INTERVIEW\CODING\CODING\DEBUG\27.OBJ
D:\VS2012\INTERVIEW\CODING\CODING\DEBUG\28.OBJ
D:\VS2012\INTERVIEW\CODING\DEBUG\CODING.ILK
D:\VS2012\INTERVIEW\CODING\DEBUG\CODING.EXE
D:\VS2012\INTERVIEW\CODING\DEBUG\CODING.PDB
D:\VS2012\interview\coding\coding\Debug\1.obj
D:\VS2012\interview\coding\coding\Debug\10.obj
D:\VS2012\interview\coding\coding\Debug\11.obj
D:\VS2012\interview\coding\coding\Debug\12.obj
D:\VS2012\interview\coding\coding\Debug\13.obj
D:\VS2012\interview\coding\coding\Debug\14.obj
D:\VS2012\interview\coding\coding\Debug\15.obj
D:\VS2012\interview\coding\coding\Debug\16.obj
D:\VS2012\interview\coding\coding\Debug\17.obj
D:\VS2012\interview\coding\coding\Debug\18.obj
D:\VS2012\interview\coding\coding\Debug\19.obj
D:\VS2012\interview\coding\coding\Debug\2.obj
D:\VS2012\interview\coding\coding\Debug\20.obj
D:\VS2012\interview\coding\coding\Debug\21.obj
D:\VS2012\interview\coding\coding\Debug\22.obj
D:\VS2012\interview\coding\coding\Debug\23.obj
D:\VS2012\interview\coding\coding\Debug\24.obj
D:\VS2012\interview\coding\coding\Debug\25.obj
D:\VS2012\interview\coding\coding\Debug\26.obj
D:\VS2012\interview\coding\coding\Debug\27.obj
D:\VS2012\interview\coding\coding\Debug\28.obj
D:\VS2012\interview\coding\coding\Debug\3.obj
D:\VS2012\interview\coding\coding\Debug\4.obj
D:\VS2012\interview\coding\coding\Debug\5.obj
D:\VS2012\interview\coding\coding\Debug\6.obj
D:\VS2012\interview\coding\coding\Debug\7.obj
D:\VS2012\interview\coding\coding\Debug\8.obj
D:\VS2012\interview\coding\coding\Debug\9.obj
D:\VS2012\interview\coding\coding\Debug\cl.command.1.tlog
D:\VS2012\interview\coding\coding\Debug\CL.read.1.tlog
D:\VS2012\interview\coding\coding\Debug\CL.write.1.tlog
D:\VS2012\interview\coding\coding\Debug\link-cvtres.read.1.tlog
D:\VS2012\interview\coding\coding\Debug\link-cvtres.write.1.tlog
D:\VS2012\interview\coding\coding\Debug\link-rc.read.1.tlog
D:\VS2012\interview\coding\coding\Debug\link-rc.write.1.tlog
D:\VS2012\interview\coding\coding\Debug\link.2888-cvtres.read.1.tlog
D:\VS2012\interview\coding\coding\Debug\link.2888-cvtres.write.1.tlog
D:\VS2012\interview\coding\coding\Debug\link.2888-rc.read.1.tlog
D:\VS2012\interview\coding\coding\Debug\link.2888-rc.write.1.tlog
D:\VS2012\interview\coding\coding\Debug\link.2888.read.1.tlog
D:\VS2012\interview\coding\coding\Debug\link.2888.write.1.tlog
D:\VS2012\interview\coding\coding\Debug\link.4012-cvtres.read.1.tlog
D:\VS2012\interview\coding\coding\Debug\link.4012-cvtres.write.1.tlog
D:\VS2012\interview\coding\coding\Debug\link.4012-rc.read.1.tlog
D:\VS2012\interview\coding\coding\Debug\link.4012-rc.write.1.tlog
D:\VS2012\interview\coding\coding\Debug\link.4012.read.1.tlog
D:\VS2012\interview\coding\coding\Debug\link.4012.write.1.tlog
D:\VS2012\interview\coding\coding\Debug\link.5172-cvtres.read.1.tlog
D:\VS2012\interview\coding\coding\Debug\link.5172-cvtres.write.1.tlog
D:\VS2012\interview\coding\coding\Debug\link.5172-rc.read.1.tlog
D:\VS2012\interview\coding\coding\Debug\link.5172-rc.write.1.tlog
D:\VS2012\interview\coding\coding\Debug\link.5172.read.1.tlog
D:\VS2012\interview\coding\coding\Debug\link.5172.write.1.tlog
D:\VS2012\interview\coding\coding\Debug\link.5232-cvtres.read.1.tlog
D:\VS2012\interview\coding\coding\Debug\link.5232-cvtres.write.1.tlog
D:\VS2012\interview\coding\coding\Debug\link.5232-rc.read.1.tlog
D:\VS2012\interview\coding\coding\Debug\link.5232-rc.write.1.tlog
D:\VS2012\interview\coding\coding\Debug\link.5232.read.1.tlog
D:\VS2012\interview\coding\coding\Debug\link.5232.write.1.tlog
D:\VS2012\interview\coding\coding\Debug\link.5904-cvtres.read.1.tlog
D:\VS2012\interview\coding\coding\Debug\link.5904-cvtres.write.1.tlog
D:\VS2012\interview\coding\coding\Debug\link.5904-rc.read.1.tlog
D:\VS2012\interview\coding\coding\Debug\link.5904-rc.write.1.tlog
D:\VS2012\interview\coding\coding\Debug\link.5904.read.1.tlog
D:\VS2012\interview\coding\coding\Debug\link.5904.write.1.tlog
D:\VS2012\interview\coding\coding\Debug\link.6084-cvtres.read.1.tlog
D:\VS2012\interview\coding\coding\Debug\link.6084-cvtres.write.1.tlog
D:\VS2012\interview\coding\coding\Debug\link.6084-rc.read.1.tlog
D:\VS2012\interview\coding\coding\Debug\link.6084-rc.write.1.tlog
D:\VS2012\interview\coding\coding\Debug\link.6084.read.1.tlog
D:\VS2012\interview\coding\coding\Debug\link.6084.write.1.tlog
D:\VS2012\interview\coding\coding\Debug\link.6456-cvtres.read.1.tlog
D:\VS2012\interview\coding\coding\Debug\link.6456-cvtres.write.1.tlog
D:\VS2012\interview\coding\coding\Debug\link.6456-rc.read.1.tlog
D:\VS2012\interview\coding\coding\Debug\link.6456-rc.write.1.tlog
D:\VS2012\interview\coding\coding\Debug\link.6456.read.1.tlog
D:\VS2012\interview\coding\coding\Debug\link.6456.write.1.tlog
D:\VS2012\interview\coding\coding\Debug\link.648-cvtres.read.1.tlog
D:\VS2012\interview\coding\coding\Debug\link.648-cvtres.write.1.tlog
D:\VS2012\interview\coding\coding\Debug\link.648-rc.read.1.tlog
D:\VS2012\interview\coding\coding\Debug\link.648-rc.write.1.tlog
D:\VS2012\interview\coding\coding\Debug\link.648.read.1.tlog
D:\VS2012\interview\coding\coding\Debug\link.648.write.1.tlog
D:\VS2012\interview\coding\coding\Debug\link.6668-cvtres.read.1.tlog
D:\VS2012\interview\coding\coding\Debug\link.6668-cvtres.write.1.tlog
D:\VS2012\interview\coding\coding\Debug\link.6668-rc.read.1.tlog
D:\VS2012\interview\coding\coding\Debug\link.6668-rc.write.1.tlog
D:\VS2012\interview\coding\coding\Debug\link.6668.read.1.tlog
D:\VS2012\interview\coding\coding\Debug\link.6668.write.1.tlog
D:\VS2012\interview\coding\coding\Debug\link.7028-cvtres.read.1.tlog
D:\VS2012\interview\coding\coding\Debug\link.7028-cvtres.write.1.tlog
D:\VS2012\interview\coding\coding\Debug\link.7028-rc.read.1.tlog
D:\VS2012\interview\coding\coding\Debug\link.7028-rc.write.1.tlog
D:\VS2012\interview\coding\coding\Debug\link.7028.read.1.tlog
D:\VS2012\interview\coding\coding\Debug\link.7028.write.1.tlog
D:\VS2012\interview\coding\coding\Debug\link.7320-cvtres.read.1.tlog
D:\VS2012\interview\coding\coding\Debug\link.7320-cvtres.write.1.tlog
D:\VS2012\interview\coding\coding\Debug\link.7320-rc.read.1.tlog
D:\VS2012\interview\coding\coding\Debug\link.7320-rc.write.1.tlog
D:\VS2012\interview\coding\coding\Debug\link.7320.read.1.tlog
D:\VS2012\interview\coding\coding\Debug\link.7320.write.1.tlog
D:\VS2012\interview\coding\coding\Debug\link.7436-cvtres.read.1.tlog
D:\VS2012\interview\coding\coding\Debug\link.7436-cvtres.write.1.tlog
D:\VS2012\interview\coding\coding\Debug\link.7436-rc.read.1.tlog
D:\VS2012\interview\coding\coding\Debug\link.7436-rc.write.1.tlog
D:\VS2012\interview\coding\coding\Debug\link.7436.read.1.tlog
D:\VS2012\interview\coding\coding\Debug\link.7436.write.1.tlog
D:\VS2012\interview\coding\coding\Debug\link.7492-cvtres.read.1.tlog
D:\VS2012\interview\coding\coding\Debug\link.7492-cvtres.write.1.tlog
D:\VS2012\interview\coding\coding\Debug\link.7492-rc.read.1.tlog
D:\VS2012\interview\coding\coding\Debug\link.7492-rc.write.1.tlog
D:\VS2012\interview\coding\coding\Debug\link.7492.read.1.tlog
D:\VS2012\interview\coding\coding\Debug\link.7492.write.1.tlog
D:\VS2012\interview\coding\coding\Debug\link.860-cvtres.read.1.tlog
D:\VS2012\interview\coding\coding\Debug\link.860-cvtres.write.1.tlog
D:\VS2012\interview\coding\coding\Debug\link.860-rc.read.1.tlog
D:\VS2012\interview\coding\coding\Debug\link.860-rc.write.1.tlog
D:\VS2012\interview\coding\coding\Debug\link.860.read.1.tlog
D:\VS2012\interview\coding\coding\Debug\link.860.write.1.tlog
D:\VS2012\interview\coding\coding\Debug\link.9156-cvtres.read.1.tlog
D:\VS2012\interview\coding\coding\Debug\link.9156-cvtres.write.1.tlog
D:\VS2012\interview\coding\coding\Debug\link.9156-rc.read.1.tlog
D:\VS2012\interview\coding\coding\Debug\link.9156-rc.write.1.tlog
D:\VS2012\interview\coding\coding\Debug\link.9156.read.1.tlog
D:\VS2012\interview\coding\coding\Debug\link.9156.write.1.tlog
D:\VS2012\interview\coding\coding\Debug\link.command.1.tlog
D:\VS2012\interview\coding\coding\Debug\link.read.1.tlog
D:\VS2012\interview\coding\coding\Debug\link.write.1.tlog
D:\VS2012\interview\coding\coding\Debug\vc110.idb
D:\VS2012\interview\coding\coding\Debug\vc110.pdb
D:\VS2012\interview\coding\Debug\coding.pdb
