Build started 9/14/2014 9:29:49 PM.
     1>Project "D:\VS2012\interview\coding\coding\coding.vcxproj" on node 2 (Build target(s)).
     1>InitializeBuildStatus:
         Creating "Debug\coding.unsuccessfulbuild" because "AlwaysCreate" was specified.
       ClCompile:
         D:\Program Files\Microsoft Visual Studio 11.0\VC\bin\CL.exe /c /ZI /nologo /W3 /WX- /Od /Oy- /D _MBCS /Gm /EHsc /RTC1 /MDd /GS /fp:precise /Zc:wchar_t /Zc:forScope /Fo"Debug\\" /Fd"Debug\vc110.pdb" /Gd /TP /analyze- /errorReport:prompt 12.cpp
         12.cpp
       Link:
         D:\Program Files\Microsoft Visual Studio 11.0\VC\bin\link.exe /ERRORREPORT:PROMPT /OUT:"D:\VS2012\interview\coding\Debug\coding.exe" /INCREMENTAL /NOLOGO kernel32.lib user32.lib gdi32.lib winspool.lib comdlg32.lib advapi32.lib shell32.lib ole32.lib oleaut32.lib uuid.lib odbc32.lib odbccp32.lib /MANIFEST /MANIFESTUAC:"level='asInvoker' uiAccess='false'" /manifest:embed /DEBUG /PDB:"D:\VS2012\interview\coding\Debug\coding.pdb" /TLBID:1 /DYNAMICBASE /NXCOMPAT /IMPLIB:"D:\VS2012\interview\coding\Debug\coding.lib" /MACHINE:X86 Debug\1.obj
         Debug\10.obj
         Debug\11.obj
         Debug\12.obj
         Debug\13.obj
         Debug\14.obj
         Debug\15.obj
         Debug\2.obj
         Debug\3.obj
         Debug\4.obj
         Debug\5.obj
         Debug\6.obj
         Debug\7.obj
         Debug\8.obj
         Debug\9.obj
         coding.vcxproj -> D:\VS2012\interview\coding\Debug\coding.exe
       FinalizeBuildStatus:
         Deleting file "Debug\coding.unsuccessfulbuild".
         Touching "Debug\coding.lastbuildstate".
     1>Done Building Project "D:\VS2012\interview\coding\coding\coding.vcxproj" (Build target(s)).

Build succeeded.

Time Elapsed 00:00:02.41
